[2025-06-11 09:11:30] [DEBUG] com.pcwk.ehr.user.Log4j2Main - 디버그 메시지
[2025-06-11 09:11:30] [INFO ] com.pcwk.ehr.user.Log4j2Main - 인포 메시지
[2025-06-11 09:11:30] [WARN ] com.pcwk.ehr.user.Log4j2Main - 경고 메시지
[2025-06-11 09:11:30] [ERROR] com.pcwk.ehr.user.Log4j2Main - 에러 메시지
[2025-06-11 09:11:57] [INFO ] org.springframework.test.context.support.DefaultTestContextBootstrapper - Loaded default TestExecutionListener class names from location [META-INF/spring.factories]: [org.springframework.test.context.web.ServletTestExecutionListener, org.springframework.test.context.support.DirtiesContextBeforeModesTestExecutionListener, org.springframework.test.context.event.ApplicationEventsTestExecutionListener, org.springframework.test.context.support.DependencyInjectionTestExecutionListener, org.springframework.test.context.support.DirtiesContextTestExecutionListener, org.springframework.test.context.transaction.TransactionalTestExecutionListener, org.springframework.test.context.jdbc.SqlScriptsTestExecutionListener, org.springframework.test.context.event.EventPublishingTestExecutionListener]
[2025-06-11 09:11:57] [INFO ] org.springframework.test.context.support.DefaultTestContextBootstrapper - Using TestExecutionListeners: [org.springframework.test.context.support.DirtiesContextBeforeModesTestExecutionListener@28701274, org.springframework.test.context.event.ApplicationEventsTestExecutionListener@13c9d689, org.springframework.test.context.support.DependencyInjectionTestExecutionListener@3754a4bf, org.springframework.test.context.support.DirtiesContextTestExecutionListener@62379589, org.springframework.test.context.transaction.TransactionalTestExecutionListener@4afcd809, org.springframework.test.context.jdbc.SqlScriptsTestExecutionListener@175c2241, org.springframework.test.context.event.EventPublishingTestExecutionListener@5bf0d49]
[2025-06-11 09:11:57] [DEBUG] com.pcwk.ehr.user.UserDaoTest - context:org.springframework.context.support.GenericApplicationContext@7d20d0b, started on Wed Jun 11 09:11:57 GMT+09:00 2025
[2025-06-11 09:11:58] [DEBUG] com.pcwk.ehr.user.dao.UserDao - 1.conn:oracle.jdbc.driver.T4CConnection@df6620a
[2025-06-11 09:11:58] [DEBUG] com.pcwk.ehr.user.dao.UserDaoDeleteAll - 2.sql:
 DELETE FROM member  

[2025-06-11 09:11:58] [DEBUG] com.pcwk.ehr.user.dao.UserDao - 3.pstmt:oracle.jdbc.driver.OraclePreparedStatementWrapper@550a1967
[2025-06-11 09:11:58] [DEBUG] com.pcwk.ehr.user.dao.UserDao - 4.flag:1
[2025-06-11 09:11:58] [DEBUG] com.pcwk.ehr.user.dao.UserDao - 1.conn:oracle.jdbc.driver.T4CConnection@5ef6ae06
[2025-06-11 09:11:58] [DEBUG] com.pcwk.ehr.user.dao.UserDao - 2.sql:
 INSERT INTO member (  
     user_id,          
     name,             
     password,         
     reg_dt            
 ) VALUES ( ?,         
            ?,         
            ?,         
            SYSDATE )  

[2025-06-11 09:11:58] [DEBUG] com.pcwk.ehr.user.dao.UserDao - 3.pstmt:oracle.jdbc.driver.OraclePreparedStatementWrapper@55dfebeb
[2025-06-11 09:11:58] [DEBUG] com.pcwk.ehr.user.dao.UserDao - 3.1 param:UserDTO [userId=pcwk01, name=이상무01, password=4321, regDt=사용안함]
[2025-06-11 09:11:58] [DEBUG] com.pcwk.ehr.user.dao.UserDao - 4.flag:1
[2025-06-11 09:11:58] [DEBUG] com.pcwk.ehr.user.dao.UserDao - 1.conn:oracle.jdbc.driver.T4CConnection@1b73be9f
[2025-06-11 09:11:58] [DEBUG] com.pcwk.ehr.user.dao.UserDao - 2.sql:
select count(*) total_cnt from member 

[2025-06-11 09:11:58] [DEBUG] com.pcwk.ehr.user.dao.UserDao - 3.pstmt:oracle.jdbc.driver.OraclePreparedStatementWrapper@628c4ac0
[2025-06-11 09:11:58] [DEBUG] com.pcwk.ehr.user.dao.UserDao - 4.count:1
[2025-06-11 09:11:58] [DEBUG] com.pcwk.ehr.user.dao.UserDao - 1.conn:oracle.jdbc.driver.T4CConnection@33aeca0b
[2025-06-11 09:11:58] [DEBUG] com.pcwk.ehr.user.dao.UserDao - 2.sql:
 INSERT INTO member (  
     user_id,          
     name,             
     password,         
     reg_dt            
 ) VALUES ( ?,         
            ?,         
            ?,         
            SYSDATE )  

[2025-06-11 09:11:58] [DEBUG] com.pcwk.ehr.user.dao.UserDao - 3.pstmt:oracle.jdbc.driver.OraclePreparedStatementWrapper@43aaf813
[2025-06-11 09:11:58] [DEBUG] com.pcwk.ehr.user.dao.UserDao - 3.1 param:UserDTO [userId=pcwk02, name=이상무02, password=4321a, regDt=사용안함]
[2025-06-11 09:11:58] [DEBUG] com.pcwk.ehr.user.dao.UserDao - 4.flag:1
[2025-06-11 09:11:58] [DEBUG] com.pcwk.ehr.user.dao.UserDao - 1.conn:oracle.jdbc.driver.T4CConnection@4ba302e0
[2025-06-11 09:11:58] [DEBUG] com.pcwk.ehr.user.dao.UserDao - 2.sql:
select count(*) total_cnt from member 

[2025-06-11 09:11:58] [DEBUG] com.pcwk.ehr.user.dao.UserDao - 3.pstmt:oracle.jdbc.driver.OraclePreparedStatementWrapper@e98770d
[2025-06-11 09:11:58] [DEBUG] com.pcwk.ehr.user.dao.UserDao - 4.count:2
[2025-06-11 09:11:58] [DEBUG] com.pcwk.ehr.user.dao.UserDao - 1.conn:oracle.jdbc.driver.T4CConnection@2f6e28bc
[2025-06-11 09:11:58] [DEBUG] com.pcwk.ehr.user.dao.UserDao - 2.sql:
 INSERT INTO member (  
     user_id,          
     name,             
     password,         
     reg_dt            
 ) VALUES ( ?,         
            ?,         
            ?,         
            SYSDATE )  

[2025-06-11 09:11:58] [DEBUG] com.pcwk.ehr.user.dao.UserDao - 3.pstmt:oracle.jdbc.driver.OraclePreparedStatementWrapper@7c098bb3
[2025-06-11 09:11:58] [DEBUG] com.pcwk.ehr.user.dao.UserDao - 3.1 param:UserDTO [userId=pcwk03, name=이상무03, password=4321a, regDt=사용안함]
[2025-06-11 09:11:58] [DEBUG] com.pcwk.ehr.user.dao.UserDao - 4.flag:1
[2025-06-11 09:11:58] [DEBUG] com.pcwk.ehr.user.dao.UserDao - 1.conn:oracle.jdbc.driver.T4CConnection@18cebaa5
[2025-06-11 09:11:58] [DEBUG] com.pcwk.ehr.user.dao.UserDao - 2.sql:
select count(*) total_cnt from member 

[2025-06-11 09:11:58] [DEBUG] com.pcwk.ehr.user.dao.UserDao - 3.pstmt:oracle.jdbc.driver.OraclePreparedStatementWrapper@463b4ac8
[2025-06-11 09:11:58] [DEBUG] com.pcwk.ehr.user.dao.UserDao - 4.count:3
[2025-06-11 09:11:58] [DEBUG] com.pcwk.ehr.user.dao.UserDao - 1.conn:oracle.jdbc.driver.T4CConnection@62f68dff
[2025-06-11 09:11:58] [DEBUG] com.pcwk.ehr.user.dao.UserDao - 2.sql:
 SELECT                
     user_id,          
     name,             
     password,         
     TO_CHAR(reg_dt,'YYYY-MM-DD') AS  reg_dt_str          
 FROM                  
     member            
 WHERE  user_id = ?    

[2025-06-11 09:11:58] [DEBUG] com.pcwk.ehr.user.dao.UserDao - 3.pstmt:oracle.jdbc.driver.OraclePreparedStatementWrapper@f001896
[2025-06-11 09:11:58] [DEBUG] com.pcwk.ehr.user.dao.UserDao - 3.1 param:UserDTO [userId=pcwk01, name=이상무01, password=4321, regDt=사용안함]
[2025-06-11 09:11:58] [DEBUG] com.pcwk.ehr.user.dao.UserDao - 4.1 outVO:UserDTO [userId=pcwk01, name=이상무01, password=4321, regDt=2025-06-11]
[2025-06-11 09:11:58] [DEBUG] com.pcwk.ehr.user.dao.UserDao - 1.conn:oracle.jdbc.driver.T4CConnection@3b2c0e88
[2025-06-11 09:11:58] [DEBUG] com.pcwk.ehr.user.dao.UserDao - 2.sql:
 SELECT                
     user_id,          
     name,             
     password,         
     TO_CHAR(reg_dt,'YYYY-MM-DD') AS  reg_dt_str          
 FROM                  
     member            
 WHERE  user_id = ?    

[2025-06-11 09:11:58] [DEBUG] com.pcwk.ehr.user.dao.UserDao - 3.pstmt:oracle.jdbc.driver.OraclePreparedStatementWrapper@c1bd0be
[2025-06-11 09:11:58] [DEBUG] com.pcwk.ehr.user.dao.UserDao - 3.1 param:UserDTO [userId=pcwk02, name=이상무02, password=4321a, regDt=사용안함]
[2025-06-11 09:11:58] [DEBUG] com.pcwk.ehr.user.dao.UserDao - 4.1 outVO:UserDTO [userId=pcwk02, name=이상무02, password=4321a, regDt=2025-06-11]
[2025-06-11 09:11:58] [DEBUG] com.pcwk.ehr.user.dao.UserDao - 1.conn:oracle.jdbc.driver.T4CConnection@1c6804cd
[2025-06-11 09:11:58] [DEBUG] com.pcwk.ehr.user.dao.UserDao - 2.sql:
 SELECT                
     user_id,          
     name,             
     password,         
     TO_CHAR(reg_dt,'YYYY-MM-DD') AS  reg_dt_str          
 FROM                  
     member            
 WHERE  user_id = ?    

[2025-06-11 09:11:58] [DEBUG] com.pcwk.ehr.user.dao.UserDao - 3.pstmt:oracle.jdbc.driver.OraclePreparedStatementWrapper@655f7ea
[2025-06-11 09:11:58] [DEBUG] com.pcwk.ehr.user.dao.UserDao - 3.1 param:UserDTO [userId=pcwk03, name=이상무03, password=4321a, regDt=사용안함]
[2025-06-11 09:11:58] [DEBUG] com.pcwk.ehr.user.dao.UserDao - 4.1 outVO:UserDTO [userId=pcwk03, name=이상무03, password=4321a, regDt=2025-06-11]
[2025-06-11 09:11:58] [DEBUG] com.pcwk.ehr.user.UserDaoTest - ***************************
[2025-06-11 09:11:58] [DEBUG] com.pcwk.ehr.user.UserDaoTest - @After
[2025-06-11 09:11:58] [DEBUG] com.pcwk.ehr.user.UserDaoTest - ***************************
[2025-06-11 09:11:58] [DEBUG] com.pcwk.ehr.user.UserDaoTest - context:org.springframework.context.support.GenericApplicationContext@7d20d0b, started on Wed Jun 11 09:11:57 GMT+09:00 2025
[2025-06-11 09:11:58] [DEBUG] com.pcwk.ehr.user.dao.UserDao - 1.conn:oracle.jdbc.driver.T4CConnection@3e10dc6
[2025-06-11 09:11:58] [DEBUG] com.pcwk.ehr.user.dao.UserDaoDeleteAll - 2.sql:
 DELETE FROM member  

[2025-06-11 09:11:58] [DEBUG] com.pcwk.ehr.user.dao.UserDao - 3.pstmt:oracle.jdbc.driver.OraclePreparedStatementWrapper@7e22550a
[2025-06-11 09:11:58] [DEBUG] com.pcwk.ehr.user.dao.UserDao - 4.flag:3
[2025-06-11 09:11:58] [DEBUG] com.pcwk.ehr.user.dao.UserDao - 1.conn:oracle.jdbc.driver.T4CConnection@62452cc9
[2025-06-11 09:11:58] [DEBUG] com.pcwk.ehr.user.dao.UserDao - 2.sql:
 INSERT INTO member (  
     user_id,          
     name,             
     password,         
     reg_dt            
 ) VALUES ( ?,         
            ?,         
            ?,         
            SYSDATE )  

[2025-06-11 09:11:58] [DEBUG] com.pcwk.ehr.user.dao.UserDao - 3.pstmt:oracle.jdbc.driver.OraclePreparedStatementWrapper@6941827a
[2025-06-11 09:11:58] [DEBUG] com.pcwk.ehr.user.dao.UserDao - 3.1 param:UserDTO [userId=pcwk01, name=이상무01, password=4321, regDt=사용안함]
[2025-06-11 09:11:58] [DEBUG] com.pcwk.ehr.user.dao.UserDao - 4.flag:1
[2025-06-11 09:11:58] [DEBUG] com.pcwk.ehr.user.dao.UserDao - 1.conn:oracle.jdbc.driver.T4CConnection@5bc9ba1d
[2025-06-11 09:11:58] [DEBUG] com.pcwk.ehr.user.dao.UserDao - 2.sql:
select count(*) total_cnt from member 

[2025-06-11 09:11:58] [DEBUG] com.pcwk.ehr.user.dao.UserDao - 3.pstmt:oracle.jdbc.driver.OraclePreparedStatementWrapper@1021f6c9
[2025-06-11 09:11:58] [DEBUG] com.pcwk.ehr.user.dao.UserDao - 4.count:1
[2025-06-11 09:11:58] [DEBUG] com.pcwk.ehr.user.dao.UserDao - 1.conn:oracle.jdbc.driver.T4CConnection@488eb7f2
[2025-06-11 09:11:58] [DEBUG] com.pcwk.ehr.user.dao.UserDao - 2.sql:
 SELECT                
     user_id,          
     name,             
     password,         
     TO_CHAR(reg_dt,'YYYY-MM-DD') AS  reg_dt_str          
 FROM                  
     member            
 WHERE  user_id = ?    

[2025-06-11 09:11:58] [DEBUG] com.pcwk.ehr.user.dao.UserDao - 3.pstmt:oracle.jdbc.driver.OraclePreparedStatementWrapper@4189d70b
[2025-06-11 09:11:58] [DEBUG] com.pcwk.ehr.user.dao.UserDao - 3.1 param:UserDTO [userId=pcwk01_99, name=이상무01, password=4321, regDt=사용안함]
[2025-06-11 09:11:58] [DEBUG] com.pcwk.ehr.user.UserDaoTest - ***************************
[2025-06-11 09:11:58] [DEBUG] com.pcwk.ehr.user.UserDaoTest - @After
[2025-06-11 09:11:58] [DEBUG] com.pcwk.ehr.user.UserDaoTest - ***************************
[2025-06-11 09:23:25] [INFO ] org.springframework.test.context.support.DefaultTestContextBootstrapper - Loaded default TestExecutionListener class names from location [META-INF/spring.factories]: [org.springframework.test.context.web.ServletTestExecutionListener, org.springframework.test.context.support.DirtiesContextBeforeModesTestExecutionListener, org.springframework.test.context.event.ApplicationEventsTestExecutionListener, org.springframework.test.context.support.DependencyInjectionTestExecutionListener, org.springframework.test.context.support.DirtiesContextTestExecutionListener, org.springframework.test.context.transaction.TransactionalTestExecutionListener, org.springframework.test.context.jdbc.SqlScriptsTestExecutionListener, org.springframework.test.context.event.EventPublishingTestExecutionListener]
[2025-06-11 09:23:25] [INFO ] org.springframework.test.context.support.DefaultTestContextBootstrapper - Using TestExecutionListeners: [org.springframework.test.context.support.DirtiesContextBeforeModesTestExecutionListener@28701274, org.springframework.test.context.event.ApplicationEventsTestExecutionListener@13c9d689, org.springframework.test.context.support.DependencyInjectionTestExecutionListener@3754a4bf, org.springframework.test.context.support.DirtiesContextTestExecutionListener@62379589, org.springframework.test.context.transaction.TransactionalTestExecutionListener@4afcd809, org.springframework.test.context.jdbc.SqlScriptsTestExecutionListener@175c2241, org.springframework.test.context.event.EventPublishingTestExecutionListener@5bf0d49]
[2025-06-11 09:23:25] [DEBUG] com.pcwk.ehr.user.UserDaoTest - context:org.springframework.context.support.GenericApplicationContext@7d20d0b, started on Wed Jun 11 09:23:25 GMT+09:00 2025
[2025-06-11 09:23:26] [DEBUG] com.pcwk.ehr.user.dao.UserDao - 1.conn:oracle.jdbc.driver.T4CConnection@df6620a
[2025-06-11 09:23:26] [DEBUG] com.pcwk.ehr.user.dao.UserDaoDeleteAll - 2.sql:
 DELETE FROM member  

[2025-06-11 09:23:26] [DEBUG] com.pcwk.ehr.user.dao.UserDao - 4.flag:1
[2025-06-11 09:23:26] [DEBUG] com.pcwk.ehr.user.dao.UserDao - 1.conn:oracle.jdbc.driver.T4CConnection@23aa363a
[2025-06-11 09:23:26] [DEBUG] com.pcwk.ehr.user.dao.UserDao - 2.sql:
 INSERT INTO member (  
     user_id,          
     name,             
     password,         
     reg_dt            
 ) VALUES ( ?,         
            ?,         
            ?,         
            SYSDATE )  

[2025-06-11 09:23:26] [DEBUG] com.pcwk.ehr.user.dao.UserDao - 3.pstmt:oracle.jdbc.driver.OraclePreparedStatementWrapper@5ef6ae06
[2025-06-11 09:23:26] [DEBUG] com.pcwk.ehr.user.dao.UserDao - 3.1 param:UserDTO [userId=pcwk01, name=이상무01, password=4321, regDt=사용안함]
[2025-06-11 09:23:26] [DEBUG] com.pcwk.ehr.user.dao.UserDao - 4.flag:1
[2025-06-11 09:23:26] [DEBUG] com.pcwk.ehr.user.dao.UserDao - 1.conn:oracle.jdbc.driver.T4CConnection@1d3ac898
[2025-06-11 09:23:26] [DEBUG] com.pcwk.ehr.user.dao.UserDao - 2.sql:
select count(*) total_cnt from member 

[2025-06-11 09:23:26] [DEBUG] com.pcwk.ehr.user.dao.UserDao - 3.pstmt:oracle.jdbc.driver.OraclePreparedStatementWrapper@1b73be9f
[2025-06-11 09:23:26] [DEBUG] com.pcwk.ehr.user.dao.UserDao - 4.count:1
[2025-06-11 09:23:26] [DEBUG] com.pcwk.ehr.user.dao.UserDao - 1.conn:oracle.jdbc.driver.T4CConnection@5c18016b
[2025-06-11 09:23:26] [DEBUG] com.pcwk.ehr.user.dao.UserDao - 2.sql:
 INSERT INTO member (  
     user_id,          
     name,             
     password,         
     reg_dt            
 ) VALUES ( ?,         
            ?,         
            ?,         
            SYSDATE )  

[2025-06-11 09:23:26] [DEBUG] com.pcwk.ehr.user.dao.UserDao - 3.pstmt:oracle.jdbc.driver.OraclePreparedStatementWrapper@33aeca0b
[2025-06-11 09:23:26] [DEBUG] com.pcwk.ehr.user.dao.UserDao - 3.1 param:UserDTO [userId=pcwk02, name=이상무02, password=4321a, regDt=사용안함]
[2025-06-11 09:23:26] [DEBUG] com.pcwk.ehr.user.dao.UserDao - 4.flag:1
[2025-06-11 09:23:26] [DEBUG] com.pcwk.ehr.user.dao.UserDao - 1.conn:oracle.jdbc.driver.T4CConnection@57ac5227
[2025-06-11 09:23:26] [DEBUG] com.pcwk.ehr.user.dao.UserDao - 2.sql:
select count(*) total_cnt from member 

[2025-06-11 09:23:26] [DEBUG] com.pcwk.ehr.user.dao.UserDao - 3.pstmt:oracle.jdbc.driver.OraclePreparedStatementWrapper@4ba302e0
[2025-06-11 09:23:26] [DEBUG] com.pcwk.ehr.user.dao.UserDao - 4.count:2
[2025-06-11 09:23:26] [DEBUG] com.pcwk.ehr.user.dao.UserDao - 1.conn:oracle.jdbc.driver.T4CConnection@1ae67cad
[2025-06-11 09:23:26] [DEBUG] com.pcwk.ehr.user.dao.UserDao - 2.sql:
 INSERT INTO member (  
     user_id,          
     name,             
     password,         
     reg_dt            
 ) VALUES ( ?,         
            ?,         
            ?,         
            SYSDATE )  

[2025-06-11 09:23:26] [DEBUG] com.pcwk.ehr.user.dao.UserDao - 3.pstmt:oracle.jdbc.driver.OraclePreparedStatementWrapper@7c098bb3
[2025-06-11 09:23:26] [DEBUG] com.pcwk.ehr.user.dao.UserDao - 3.1 param:UserDTO [userId=pcwk03, name=이상무03, password=4321a, regDt=사용안함]
[2025-06-11 09:23:26] [DEBUG] com.pcwk.ehr.user.dao.UserDao - 4.flag:1
[2025-06-11 09:23:26] [DEBUG] com.pcwk.ehr.user.dao.UserDao - 1.conn:oracle.jdbc.driver.T4CConnection@18cebaa5
[2025-06-11 09:23:26] [DEBUG] com.pcwk.ehr.user.dao.UserDao - 2.sql:
select count(*) total_cnt from member 

[2025-06-11 09:23:26] [DEBUG] com.pcwk.ehr.user.dao.UserDao - 3.pstmt:oracle.jdbc.driver.OraclePreparedStatementWrapper@463b4ac8
[2025-06-11 09:23:26] [DEBUG] com.pcwk.ehr.user.dao.UserDao - 4.count:3
[2025-06-11 09:23:26] [DEBUG] com.pcwk.ehr.user.dao.UserDao - 1.conn:oracle.jdbc.driver.T4CConnection@62f68dff
[2025-06-11 09:23:26] [DEBUG] com.pcwk.ehr.user.dao.UserDao - 2.sql:
 SELECT                
     user_id,          
     name,             
     password,         
     TO_CHAR(reg_dt,'YYYY-MM-DD') AS  reg_dt_str          
 FROM                  
     member            
 WHERE  user_id = ?    

[2025-06-11 09:23:26] [DEBUG] com.pcwk.ehr.user.dao.UserDao - 3.pstmt:oracle.jdbc.driver.OraclePreparedStatementWrapper@f001896
[2025-06-11 09:23:26] [DEBUG] com.pcwk.ehr.user.dao.UserDao - 3.1 param:UserDTO [userId=pcwk01, name=이상무01, password=4321, regDt=사용안함]
[2025-06-11 09:23:26] [DEBUG] com.pcwk.ehr.user.dao.UserDao - 4.1 outVO:UserDTO [userId=pcwk01, name=이상무01, password=4321, regDt=2025-06-11]
[2025-06-11 09:23:26] [DEBUG] com.pcwk.ehr.user.dao.UserDao - 1.conn:oracle.jdbc.driver.T4CConnection@3b2c0e88
[2025-06-11 09:23:26] [DEBUG] com.pcwk.ehr.user.dao.UserDao - 2.sql:
 SELECT                
     user_id,          
     name,             
     password,         
     TO_CHAR(reg_dt,'YYYY-MM-DD') AS  reg_dt_str          
 FROM                  
     member            
 WHERE  user_id = ?    

[2025-06-11 09:23:26] [DEBUG] com.pcwk.ehr.user.dao.UserDao - 3.pstmt:oracle.jdbc.driver.OraclePreparedStatementWrapper@5bd82fed
[2025-06-11 09:23:26] [DEBUG] com.pcwk.ehr.user.dao.UserDao - 3.1 param:UserDTO [userId=pcwk02, name=이상무02, password=4321a, regDt=사용안함]
[2025-06-11 09:23:26] [DEBUG] com.pcwk.ehr.user.dao.UserDao - 4.1 outVO:UserDTO [userId=pcwk02, name=이상무02, password=4321a, regDt=2025-06-11]
[2025-06-11 09:23:26] [DEBUG] com.pcwk.ehr.user.dao.UserDao - 1.conn:oracle.jdbc.driver.T4CConnection@476b0ae6
[2025-06-11 09:23:26] [DEBUG] com.pcwk.ehr.user.dao.UserDao - 2.sql:
 SELECT                
     user_id,          
     name,             
     password,         
     TO_CHAR(reg_dt,'YYYY-MM-DD') AS  reg_dt_str          
 FROM                  
     member            
 WHERE  user_id = ?    

[2025-06-11 09:23:26] [DEBUG] com.pcwk.ehr.user.dao.UserDao - 3.pstmt:oracle.jdbc.driver.OraclePreparedStatementWrapper@1c6804cd
[2025-06-11 09:23:26] [DEBUG] com.pcwk.ehr.user.dao.UserDao - 3.1 param:UserDTO [userId=pcwk03, name=이상무03, password=4321a, regDt=사용안함]
[2025-06-11 09:23:26] [DEBUG] com.pcwk.ehr.user.dao.UserDao - 4.1 outVO:UserDTO [userId=pcwk03, name=이상무03, password=4321a, regDt=2025-06-11]
[2025-06-11 09:23:26] [DEBUG] com.pcwk.ehr.user.UserDaoTest - ***************************
[2025-06-11 09:23:26] [DEBUG] com.pcwk.ehr.user.UserDaoTest - @After
[2025-06-11 09:23:26] [DEBUG] com.pcwk.ehr.user.UserDaoTest - ***************************
[2025-06-11 09:23:26] [DEBUG] com.pcwk.ehr.user.UserDaoTest - context:org.springframework.context.support.GenericApplicationContext@7d20d0b, started on Wed Jun 11 09:23:25 GMT+09:00 2025
[2025-06-11 09:23:26] [DEBUG] com.pcwk.ehr.user.dao.UserDao - 1.conn:oracle.jdbc.driver.T4CConnection@78fbff54
[2025-06-11 09:23:26] [DEBUG] com.pcwk.ehr.user.dao.UserDaoDeleteAll - 2.sql:
 DELETE FROM member  

[2025-06-11 09:23:26] [DEBUG] com.pcwk.ehr.user.dao.UserDao - 4.flag:3
[2025-06-11 09:23:26] [DEBUG] com.pcwk.ehr.user.dao.UserDao - 1.conn:oracle.jdbc.driver.T4CConnection@7e22550a
[2025-06-11 09:23:26] [DEBUG] com.pcwk.ehr.user.dao.UserDao - 2.sql:
 INSERT INTO member (  
     user_id,          
     name,             
     password,         
     reg_dt            
 ) VALUES ( ?,         
            ?,         
            ?,         
            SYSDATE )  

[2025-06-11 09:23:26] [DEBUG] com.pcwk.ehr.user.dao.UserDao - 3.pstmt:oracle.jdbc.driver.OraclePreparedStatementWrapper@45e37a7e
[2025-06-11 09:23:26] [DEBUG] com.pcwk.ehr.user.dao.UserDao - 3.1 param:UserDTO [userId=pcwk01, name=이상무01, password=4321, regDt=사용안함]
[2025-06-11 09:23:26] [DEBUG] com.pcwk.ehr.user.dao.UserDao - 4.flag:1
[2025-06-11 09:23:26] [DEBUG] com.pcwk.ehr.user.dao.UserDao - 1.conn:oracle.jdbc.driver.T4CConnection@6941827a
[2025-06-11 09:23:26] [DEBUG] com.pcwk.ehr.user.dao.UserDao - 2.sql:
select count(*) total_cnt from member 

[2025-06-11 09:23:26] [DEBUG] com.pcwk.ehr.user.dao.UserDao - 3.pstmt:oracle.jdbc.driver.OraclePreparedStatementWrapper@5a7005d
[2025-06-11 09:23:26] [DEBUG] com.pcwk.ehr.user.dao.UserDao - 4.count:1
[2025-06-11 09:23:26] [DEBUG] com.pcwk.ehr.user.dao.UserDao - 1.conn:oracle.jdbc.driver.T4CConnection@1021f6c9
[2025-06-11 09:23:26] [DEBUG] com.pcwk.ehr.user.dao.UserDao - 2.sql:
 SELECT                
     user_id,          
     name,             
     password,         
     TO_CHAR(reg_dt,'YYYY-MM-DD') AS  reg_dt_str          
 FROM                  
     member            
 WHERE  user_id = ?    

[2025-06-11 09:23:26] [DEBUG] com.pcwk.ehr.user.dao.UserDao - 3.pstmt:oracle.jdbc.driver.OraclePreparedStatementWrapper@488eb7f2
[2025-06-11 09:23:26] [DEBUG] com.pcwk.ehr.user.dao.UserDao - 3.1 param:UserDTO [userId=pcwk01_99, name=이상무01, password=4321, regDt=사용안함]
[2025-06-11 09:23:26] [DEBUG] com.pcwk.ehr.user.UserDaoTest - ***************************
[2025-06-11 09:23:26] [DEBUG] com.pcwk.ehr.user.UserDaoTest - @After
[2025-06-11 09:23:26] [DEBUG] com.pcwk.ehr.user.UserDaoTest - ***************************
[2025-06-11 09:42:00] [INFO ] org.springframework.test.context.support.DefaultTestContextBootstrapper - Loaded default TestExecutionListener class names from location [META-INF/spring.factories]: [org.springframework.test.context.web.ServletTestExecutionListener, org.springframework.test.context.support.DirtiesContextBeforeModesTestExecutionListener, org.springframework.test.context.event.ApplicationEventsTestExecutionListener, org.springframework.test.context.support.DependencyInjectionTestExecutionListener, org.springframework.test.context.support.DirtiesContextTestExecutionListener, org.springframework.test.context.transaction.TransactionalTestExecutionListener, org.springframework.test.context.jdbc.SqlScriptsTestExecutionListener, org.springframework.test.context.event.EventPublishingTestExecutionListener]
[2025-06-11 09:42:00] [INFO ] org.springframework.test.context.support.DefaultTestContextBootstrapper - Using TestExecutionListeners: [org.springframework.test.context.support.DirtiesContextBeforeModesTestExecutionListener@28701274, org.springframework.test.context.event.ApplicationEventsTestExecutionListener@13c9d689, org.springframework.test.context.support.DependencyInjectionTestExecutionListener@3754a4bf, org.springframework.test.context.support.DirtiesContextTestExecutionListener@62379589, org.springframework.test.context.transaction.TransactionalTestExecutionListener@4afcd809, org.springframework.test.context.jdbc.SqlScriptsTestExecutionListener@175c2241, org.springframework.test.context.event.EventPublishingTestExecutionListener@5bf0d49]
[2025-06-11 09:42:00] [DEBUG] com.pcwk.ehr.user.UserDaoTest - context:org.springframework.context.support.GenericApplicationContext@7d20d0b, started on Wed Jun 11 09:42:00 GMT+09:00 2025
[2025-06-11 09:42:00] [DEBUG] com.pcwk.ehr.user.dao.UserDao - 1.conn:oracle.jdbc.driver.T4CConnection@df6620a
[2025-06-11 09:42:00] [DEBUG] com.pcwk.ehr.user.dao.UserDaoDeleteAll - 2.sql:
 DELETE FROM member  

[2025-06-11 09:42:00] [DEBUG] com.pcwk.ehr.user.dao.UserDao - 4.flag:0
[2025-06-11 09:42:00] [DEBUG] com.pcwk.ehr.user.dao.UserDao - 1.conn:oracle.jdbc.driver.T4CConnection@23aa363a
[2025-06-11 09:42:00] [DEBUG] com.pcwk.ehr.user.dao.UserDaoDoSave - 2.sql:
 INSERT INTO member (  
     user_id,          
     name,             
     password,         
     reg_dt            
 ) VALUES ( ?,         
            ?,         
            ?,         
            SYSDATE )  

[2025-06-11 09:42:00] [DEBUG] com.pcwk.ehr.user.dao.UserDaoDoSave - 3.pstmt:oracle.jdbc.driver.OraclePreparedStatementWrapper@5ef6ae06
[2025-06-11 09:42:00] [DEBUG] com.pcwk.ehr.user.dao.UserDaoDoSave - 3.1 inVO:UserDTO [userId=pcwk01, name=이상무01, password=4321, regDt=사용안함]
[2025-06-11 09:42:00] [DEBUG] com.pcwk.ehr.user.UserDaoTest - ***************************
[2025-06-11 09:42:00] [DEBUG] com.pcwk.ehr.user.UserDaoTest - @After
[2025-06-11 09:42:00] [DEBUG] com.pcwk.ehr.user.UserDaoTest - ***************************
[2025-06-11 09:42:00] [DEBUG] com.pcwk.ehr.user.UserDaoTest - context:org.springframework.context.support.GenericApplicationContext@7d20d0b, started on Wed Jun 11 09:42:00 GMT+09:00 2025
[2025-06-11 09:42:01] [DEBUG] com.pcwk.ehr.user.dao.UserDao - 1.conn:oracle.jdbc.driver.T4CConnection@4535b6d5
[2025-06-11 09:42:01] [DEBUG] com.pcwk.ehr.user.dao.UserDaoDeleteAll - 2.sql:
 DELETE FROM member  

[2025-06-11 09:42:01] [DEBUG] com.pcwk.ehr.user.dao.UserDao - 4.flag:0
[2025-06-11 09:42:01] [DEBUG] com.pcwk.ehr.user.dao.UserDao - 1.conn:oracle.jdbc.driver.T4CConnection@4372b9b6
[2025-06-11 09:42:01] [DEBUG] com.pcwk.ehr.user.dao.UserDaoDoSave - 2.sql:
 INSERT INTO member (  
     user_id,          
     name,             
     password,         
     reg_dt            
 ) VALUES ( ?,         
            ?,         
            ?,         
            SYSDATE )  

[2025-06-11 09:42:01] [DEBUG] com.pcwk.ehr.user.dao.UserDaoDoSave - 3.pstmt:oracle.jdbc.driver.OraclePreparedStatementWrapper@232a7d73
[2025-06-11 09:42:01] [DEBUG] com.pcwk.ehr.user.dao.UserDaoDoSave - 3.1 inVO:UserDTO [userId=pcwk01, name=이상무01, password=4321, regDt=사용안함]
[2025-06-11 09:42:01] [DEBUG] com.pcwk.ehr.user.UserDaoTest - ***************************
[2025-06-11 09:42:01] [DEBUG] com.pcwk.ehr.user.UserDaoTest - @After
[2025-06-11 09:42:01] [DEBUG] com.pcwk.ehr.user.UserDaoTest - ***************************
[2025-06-11 09:43:41] [INFO ] org.springframework.test.context.support.DefaultTestContextBootstrapper - Loaded default TestExecutionListener class names from location [META-INF/spring.factories]: [org.springframework.test.context.web.ServletTestExecutionListener, org.springframework.test.context.support.DirtiesContextBeforeModesTestExecutionListener, org.springframework.test.context.event.ApplicationEventsTestExecutionListener, org.springframework.test.context.support.DependencyInjectionTestExecutionListener, org.springframework.test.context.support.DirtiesContextTestExecutionListener, org.springframework.test.context.transaction.TransactionalTestExecutionListener, org.springframework.test.context.jdbc.SqlScriptsTestExecutionListener, org.springframework.test.context.event.EventPublishingTestExecutionListener]
[2025-06-11 09:43:41] [INFO ] org.springframework.test.context.support.DefaultTestContextBootstrapper - Using TestExecutionListeners: [org.springframework.test.context.support.DirtiesContextBeforeModesTestExecutionListener@28701274, org.springframework.test.context.event.ApplicationEventsTestExecutionListener@13c9d689, org.springframework.test.context.support.DependencyInjectionTestExecutionListener@3754a4bf, org.springframework.test.context.support.DirtiesContextTestExecutionListener@62379589, org.springframework.test.context.transaction.TransactionalTestExecutionListener@4afcd809, org.springframework.test.context.jdbc.SqlScriptsTestExecutionListener@175c2241, org.springframework.test.context.event.EventPublishingTestExecutionListener@5bf0d49]
[2025-06-11 09:43:42] [DEBUG] com.pcwk.ehr.user.UserDaoTest - context:org.springframework.context.support.GenericApplicationContext@7d20d0b, started on Wed Jun 11 09:43:41 GMT+09:00 2025
[2025-06-11 09:43:42] [DEBUG] com.pcwk.ehr.user.dao.UserDao - 1.conn:oracle.jdbc.driver.T4CConnection@df6620a
[2025-06-11 09:43:42] [DEBUG] com.pcwk.ehr.user.dao.UserDaoDeleteAll - 2.sql:
 DELETE FROM member  

[2025-06-11 09:43:42] [DEBUG] com.pcwk.ehr.user.dao.UserDao - 4.flag:1
[2025-06-11 09:43:42] [DEBUG] com.pcwk.ehr.user.dao.UserDao - 1.conn:oracle.jdbc.driver.T4CConnection@23aa363a
[2025-06-11 09:43:42] [DEBUG] com.pcwk.ehr.user.dao.UserDaoDoSave - 2.sql:
 INSERT INTO member (  
     user_id,          
     name,             
     password,         
     reg_dt            
 ) VALUES ( ?,         
            ?,         
            ?,         
            SYSDATE )  

[2025-06-11 09:43:42] [DEBUG] com.pcwk.ehr.user.dao.UserDaoDoSave - 3.pstmt:oracle.jdbc.driver.OraclePreparedStatementWrapper@5ef6ae06
[2025-06-11 09:43:42] [DEBUG] com.pcwk.ehr.user.dao.UserDaoDoSave - 3.1 inVO:UserDTO [userId=pcwk01, name=이상무01, password=4321, regDt=사용안함]
[2025-06-11 09:43:42] [DEBUG] com.pcwk.ehr.user.dao.UserDao - 4.flag:1
[2025-06-11 09:43:42] [DEBUG] com.pcwk.ehr.user.dao.UserDao - flag:1
[2025-06-11 09:43:42] [DEBUG] com.pcwk.ehr.user.dao.UserDao - 1.conn:oracle.jdbc.driver.T4CConnection@1d3ac898
[2025-06-11 09:43:42] [DEBUG] com.pcwk.ehr.user.dao.UserDao - 2.sql:
select count(*) total_cnt from member 

[2025-06-11 09:43:42] [DEBUG] com.pcwk.ehr.user.dao.UserDao - 3.pstmt:oracle.jdbc.driver.OraclePreparedStatementWrapper@1b73be9f
[2025-06-11 09:43:42] [DEBUG] com.pcwk.ehr.user.dao.UserDao - 4.count:1
[2025-06-11 09:43:42] [DEBUG] com.pcwk.ehr.user.dao.UserDao - 1.conn:oracle.jdbc.driver.T4CConnection@5c18016b
[2025-06-11 09:43:42] [DEBUG] com.pcwk.ehr.user.dao.UserDaoDoSave - 2.sql:
 INSERT INTO member (  
     user_id,          
     name,             
     password,         
     reg_dt            
 ) VALUES ( ?,         
            ?,         
            ?,         
            SYSDATE )  

[2025-06-11 09:43:42] [DEBUG] com.pcwk.ehr.user.dao.UserDaoDoSave - 3.pstmt:oracle.jdbc.driver.OraclePreparedStatementWrapper@33aeca0b
[2025-06-11 09:43:42] [DEBUG] com.pcwk.ehr.user.dao.UserDaoDoSave - 3.1 inVO:UserDTO [userId=pcwk02, name=이상무02, password=4321a, regDt=사용안함]
[2025-06-11 09:43:42] [DEBUG] com.pcwk.ehr.user.dao.UserDao - 4.flag:1
[2025-06-11 09:43:42] [DEBUG] com.pcwk.ehr.user.dao.UserDao - flag:1
[2025-06-11 09:43:42] [DEBUG] com.pcwk.ehr.user.dao.UserDao - 1.conn:oracle.jdbc.driver.T4CConnection@57ac5227
[2025-06-11 09:43:42] [DEBUG] com.pcwk.ehr.user.dao.UserDao - 2.sql:
select count(*) total_cnt from member 

[2025-06-11 09:43:42] [DEBUG] com.pcwk.ehr.user.dao.UserDao - 3.pstmt:oracle.jdbc.driver.OraclePreparedStatementWrapper@4ba302e0
[2025-06-11 09:43:42] [DEBUG] com.pcwk.ehr.user.dao.UserDao - 4.count:2
[2025-06-11 09:43:42] [DEBUG] com.pcwk.ehr.user.dao.UserDao - 1.conn:oracle.jdbc.driver.T4CConnection@1ae67cad
[2025-06-11 09:43:42] [DEBUG] com.pcwk.ehr.user.dao.UserDaoDoSave - 2.sql:
 INSERT INTO member (  
     user_id,          
     name,             
     password,         
     reg_dt            
 ) VALUES ( ?,         
            ?,         
            ?,         
            SYSDATE )  

[2025-06-11 09:43:42] [DEBUG] com.pcwk.ehr.user.dao.UserDaoDoSave - 3.pstmt:oracle.jdbc.driver.OraclePreparedStatementWrapper@2f6e28bc
[2025-06-11 09:43:42] [DEBUG] com.pcwk.ehr.user.dao.UserDaoDoSave - 3.1 inVO:UserDTO [userId=pcwk03, name=이상무03, password=4321a, regDt=사용안함]
[2025-06-11 09:43:42] [DEBUG] com.pcwk.ehr.user.dao.UserDao - 4.flag:1
[2025-06-11 09:43:42] [DEBUG] com.pcwk.ehr.user.dao.UserDao - flag:1
[2025-06-11 09:43:42] [DEBUG] com.pcwk.ehr.user.dao.UserDao - 1.conn:oracle.jdbc.driver.T4CConnection@31e4bb20
[2025-06-11 09:43:42] [DEBUG] com.pcwk.ehr.user.dao.UserDao - 2.sql:
select count(*) total_cnt from member 

[2025-06-11 09:43:42] [DEBUG] com.pcwk.ehr.user.dao.UserDao - 3.pstmt:oracle.jdbc.driver.OraclePreparedStatementWrapper@463b4ac8
[2025-06-11 09:43:42] [DEBUG] com.pcwk.ehr.user.dao.UserDao - 4.count:3
[2025-06-11 09:43:42] [DEBUG] com.pcwk.ehr.user.dao.UserDao - 1.conn:oracle.jdbc.driver.T4CConnection@62f68dff
[2025-06-11 09:43:42] [DEBUG] com.pcwk.ehr.user.dao.UserDao - 2.sql:
 SELECT                
     user_id,          
     name,             
     password,         
     TO_CHAR(reg_dt,'YYYY-MM-DD') AS  reg_dt_str          
 FROM                  
     member            
 WHERE  user_id = ?    

[2025-06-11 09:43:42] [DEBUG] com.pcwk.ehr.user.dao.UserDao - 3.pstmt:oracle.jdbc.driver.OraclePreparedStatementWrapper@f001896
[2025-06-11 09:43:42] [DEBUG] com.pcwk.ehr.user.dao.UserDao - 3.1 param:UserDTO [userId=pcwk01, name=이상무01, password=4321, regDt=사용안함]
[2025-06-11 09:43:42] [DEBUG] com.pcwk.ehr.user.dao.UserDao - 4.1 outVO:UserDTO [userId=pcwk01, name=이상무01, password=4321, regDt=2025-06-11]
[2025-06-11 09:43:42] [DEBUG] com.pcwk.ehr.user.dao.UserDao - 1.conn:oracle.jdbc.driver.T4CConnection@3b2c0e88
[2025-06-11 09:43:42] [DEBUG] com.pcwk.ehr.user.dao.UserDao - 2.sql:
 SELECT                
     user_id,          
     name,             
     password,         
     TO_CHAR(reg_dt,'YYYY-MM-DD') AS  reg_dt_str          
 FROM                  
     member            
 WHERE  user_id = ?    

[2025-06-11 09:43:42] [DEBUG] com.pcwk.ehr.user.dao.UserDao - 3.pstmt:oracle.jdbc.driver.OraclePreparedStatementWrapper@5bd82fed
[2025-06-11 09:43:42] [DEBUG] com.pcwk.ehr.user.dao.UserDao - 3.1 param:UserDTO [userId=pcwk02, name=이상무02, password=4321a, regDt=사용안함]
[2025-06-11 09:43:42] [DEBUG] com.pcwk.ehr.user.dao.UserDao - 4.1 outVO:UserDTO [userId=pcwk02, name=이상무02, password=4321a, regDt=2025-06-11]
[2025-06-11 09:43:42] [DEBUG] com.pcwk.ehr.user.dao.UserDao - 1.conn:oracle.jdbc.driver.T4CConnection@476b0ae6
[2025-06-11 09:43:42] [DEBUG] com.pcwk.ehr.user.dao.UserDao - 2.sql:
 SELECT                
     user_id,          
     name,             
     password,         
     TO_CHAR(reg_dt,'YYYY-MM-DD') AS  reg_dt_str          
 FROM                  
     member            
 WHERE  user_id = ?    

[2025-06-11 09:43:42] [DEBUG] com.pcwk.ehr.user.dao.UserDao - 3.pstmt:oracle.jdbc.driver.OraclePreparedStatementWrapper@1c6804cd
[2025-06-11 09:43:42] [DEBUG] com.pcwk.ehr.user.dao.UserDao - 3.1 param:UserDTO [userId=pcwk03, name=이상무03, password=4321a, regDt=사용안함]
[2025-06-11 09:43:42] [DEBUG] com.pcwk.ehr.user.dao.UserDao - 4.1 outVO:UserDTO [userId=pcwk03, name=이상무03, password=4321a, regDt=2025-06-11]
[2025-06-11 09:43:42] [DEBUG] com.pcwk.ehr.user.UserDaoTest - ***************************
[2025-06-11 09:43:42] [DEBUG] com.pcwk.ehr.user.UserDaoTest - @After
[2025-06-11 09:43:42] [DEBUG] com.pcwk.ehr.user.UserDaoTest - ***************************
[2025-06-11 09:43:42] [DEBUG] com.pcwk.ehr.user.UserDaoTest - context:org.springframework.context.support.GenericApplicationContext@7d20d0b, started on Wed Jun 11 09:43:41 GMT+09:00 2025
[2025-06-11 09:43:42] [DEBUG] com.pcwk.ehr.user.dao.UserDao - 1.conn:oracle.jdbc.driver.T4CConnection@78fbff54
[2025-06-11 09:43:42] [DEBUG] com.pcwk.ehr.user.dao.UserDaoDeleteAll - 2.sql:
 DELETE FROM member  

[2025-06-11 09:43:42] [DEBUG] com.pcwk.ehr.user.dao.UserDao - 4.flag:3
[2025-06-11 09:43:42] [DEBUG] com.pcwk.ehr.user.dao.UserDao - 1.conn:oracle.jdbc.driver.T4CConnection@7e22550a
[2025-06-11 09:43:42] [DEBUG] com.pcwk.ehr.user.dao.UserDaoDoSave - 2.sql:
 INSERT INTO member (  
     user_id,          
     name,             
     password,         
     reg_dt            
 ) VALUES ( ?,         
            ?,         
            ?,         
            SYSDATE )  

[2025-06-11 09:43:42] [DEBUG] com.pcwk.ehr.user.dao.UserDaoDoSave - 3.pstmt:oracle.jdbc.driver.OraclePreparedStatementWrapper@45e37a7e
[2025-06-11 09:43:42] [DEBUG] com.pcwk.ehr.user.dao.UserDaoDoSave - 3.1 inVO:UserDTO [userId=pcwk01, name=이상무01, password=4321, regDt=사용안함]
[2025-06-11 09:43:42] [DEBUG] com.pcwk.ehr.user.dao.UserDao - 4.flag:1
[2025-06-11 09:43:42] [DEBUG] com.pcwk.ehr.user.dao.UserDao - flag:1
[2025-06-11 09:43:42] [DEBUG] com.pcwk.ehr.user.dao.UserDao - 1.conn:oracle.jdbc.driver.T4CConnection@6941827a
[2025-06-11 09:43:42] [DEBUG] com.pcwk.ehr.user.dao.UserDao - 2.sql:
select count(*) total_cnt from member 

[2025-06-11 09:43:42] [DEBUG] com.pcwk.ehr.user.dao.UserDao - 3.pstmt:oracle.jdbc.driver.OraclePreparedStatementWrapper@5a7005d
[2025-06-11 09:43:42] [DEBUG] com.pcwk.ehr.user.dao.UserDao - 4.count:1
[2025-06-11 09:43:42] [DEBUG] com.pcwk.ehr.user.dao.UserDao - 1.conn:oracle.jdbc.driver.T4CConnection@1021f6c9
[2025-06-11 09:43:42] [DEBUG] com.pcwk.ehr.user.dao.UserDao - 2.sql:
 SELECT                
     user_id,          
     name,             
     password,         
     TO_CHAR(reg_dt,'YYYY-MM-DD') AS  reg_dt_str          
 FROM                  
     member            
 WHERE  user_id = ?    

[2025-06-11 09:43:42] [DEBUG] com.pcwk.ehr.user.dao.UserDao - 3.pstmt:oracle.jdbc.driver.OraclePreparedStatementWrapper@488eb7f2
[2025-06-11 09:43:42] [DEBUG] com.pcwk.ehr.user.dao.UserDao - 3.1 param:UserDTO [userId=pcwk01_99, name=이상무01, password=4321, regDt=사용안함]
[2025-06-11 09:43:42] [DEBUG] com.pcwk.ehr.user.UserDaoTest - ***************************
[2025-06-11 09:43:42] [DEBUG] com.pcwk.ehr.user.UserDaoTest - @After
[2025-06-11 09:43:42] [DEBUG] com.pcwk.ehr.user.UserDaoTest - ***************************
